{"/mnt/sdb1/mysql-adapter/src/index.ts": {"path":"/mnt/sdb1/mysql-adapter/src/index.ts","all":false,"statementMap":{"7":{"start":{"line":8,"column":0},"end":{"line":8,"column":48}},"8":{"start":{"line":9,"column":0},"end":{"line":9,"column":52}},"9":{"start":{"line":10,"column":0},"end":{"line":10,"column":58}},"10":{"start":{"line":11,"column":0},"end":{"line":11,"column":10}},"11":{"start":{"line":12,"column":0},"end":{"line":12,"column":15}},"12":{"start":{"line":13,"column":0},"end":{"line":13,"column":15}},"13":{"start":{"line":14,"column":0},"end":{"line":14,"column":4}},"14":{"start":{"line":15,"column":0},"end":{"line":15,"column":2}},"16":{"start":{"line":17,"column":0},"end":{"line":17,"column":49}},"17":{"start":{"line":18,"column":0},"end":{"line":18,"column":10}},"18":{"start":{"line":19,"column":0},"end":{"line":19,"column":34}},"19":{"start":{"line":20,"column":0},"end":{"line":20,"column":42}},"21":{"start":{"line":22,"column":0},"end":{"line":22,"column":63}},"22":{"start":{"line":23,"column":0},"end":{"line":23,"column":19}},"25":{"start":{"line":26,"column":0},"end":{"line":26,"column":10}},"26":{"start":{"line":27,"column":0},"end":{"line":27,"column":60}},"27":{"start":{"line":28,"column":0},"end":{"line":28,"column":31}},"28":{"start":{"line":29,"column":0},"end":{"line":29,"column":6}},"29":{"start":{"line":30,"column":0},"end":{"line":30,"column":32}},"30":{"start":{"line":31,"column":0},"end":{"line":31,"column":17}},"31":{"start":{"line":32,"column":0},"end":{"line":32,"column":12}},"35":{"start":{"line":36,"column":0},"end":{"line":36,"column":43}},"36":{"start":{"line":37,"column":0},"end":{"line":37,"column":50}},"37":{"start":{"line":38,"column":0},"end":{"line":38,"column":42}},"38":{"start":{"line":39,"column":0},"end":{"line":39,"column":50}},"40":{"start":{"line":41,"column":0},"end":{"line":41,"column":8}},"42":{"start":{"line":43,"column":0},"end":{"line":43,"column":11}},"43":{"start":{"line":44,"column":0},"end":{"line":44,"column":79}},"44":{"start":{"line":45,"column":0},"end":{"line":45,"column":24}},"45":{"start":{"line":46,"column":0},"end":{"line":46,"column":55}},"46":{"start":{"line":47,"column":0},"end":{"line":47,"column":23}},"47":{"start":{"line":48,"column":0},"end":{"line":48,"column":18}},"48":{"start":{"line":49,"column":0},"end":{"line":49,"column":34}},"49":{"start":{"line":50,"column":0},"end":{"line":50,"column":37}},"50":{"start":{"line":51,"column":0},"end":{"line":51,"column":29}},"51":{"start":{"line":52,"column":0},"end":{"line":52,"column":11}},"52":{"start":{"line":53,"column":0},"end":{"line":53,"column":9}},"53":{"start":{"line":54,"column":0},"end":{"line":54,"column":20}},"54":{"start":{"line":55,"column":0},"end":{"line":55,"column":15}},"55":{"start":{"line":56,"column":0},"end":{"line":56,"column":20}},"56":{"start":{"line":57,"column":0},"end":{"line":57,"column":7}},"57":{"start":{"line":58,"column":0},"end":{"line":58,"column":6}},"59":{"start":{"line":60,"column":0},"end":{"line":60,"column":53}},"60":{"start":{"line":61,"column":0},"end":{"line":61,"column":57}},"61":{"start":{"line":62,"column":0},"end":{"line":62,"column":19}},"64":{"start":{"line":65,"column":0},"end":{"line":65,"column":10}},"65":{"start":{"line":66,"column":0},"end":{"line":66,"column":49}},"66":{"start":{"line":67,"column":0},"end":{"line":67,"column":13}},"67":{"start":{"line":68,"column":0},"end":{"line":68,"column":14}},"68":{"start":{"line":69,"column":0},"end":{"line":69,"column":22}},"69":{"start":{"line":70,"column":0},"end":{"line":70,"column":14}},"70":{"start":{"line":71,"column":0},"end":{"line":71,"column":30}},"71":{"start":{"line":72,"column":0},"end":{"line":72,"column":78}},"72":{"start":{"line":73,"column":0},"end":{"line":73,"column":24}},"73":{"start":{"line":74,"column":0},"end":{"line":74,"column":9}},"74":{"start":{"line":75,"column":0},"end":{"line":75,"column":51}},"75":{"start":{"line":76,"column":0},"end":{"line":76,"column":23}},"76":{"start":{"line":77,"column":0},"end":{"line":77,"column":6}},"77":{"start":{"line":78,"column":0},"end":{"line":78,"column":23}},"78":{"start":{"line":79,"column":0},"end":{"line":79,"column":53}},"79":{"start":{"line":80,"column":0},"end":{"line":80,"column":11}},"80":{"start":{"line":81,"column":0},"end":{"line":81,"column":55}},"81":{"start":{"line":82,"column":0},"end":{"line":82,"column":49}},"82":{"start":{"line":83,"column":0},"end":{"line":83,"column":48}},"83":{"start":{"line":84,"column":0},"end":{"line":84,"column":19}},"84":{"start":{"line":85,"column":0},"end":{"line":85,"column":20}},"85":{"start":{"line":86,"column":0},"end":{"line":86,"column":7}},"86":{"start":{"line":87,"column":0},"end":{"line":87,"column":6}},"87":{"start":{"line":88,"column":0},"end":{"line":88,"column":33}},"88":{"start":{"line":89,"column":0},"end":{"line":89,"column":56}},"89":{"start":{"line":90,"column":0},"end":{"line":90,"column":56}},"90":{"start":{"line":91,"column":0},"end":{"line":91,"column":47}},"92":{"start":{"line":93,"column":0},"end":{"line":93,"column":46}},"93":{"start":{"line":94,"column":0},"end":{"line":94,"column":6}},"94":{"start":{"line":95,"column":0},"end":{"line":95,"column":28}},"95":{"start":{"line":96,"column":0},"end":{"line":96,"column":24}},"96":{"start":{"line":97,"column":0},"end":{"line":97,"column":15}},"97":{"start":{"line":98,"column":0},"end":{"line":98,"column":37}},"98":{"start":{"line":99,"column":0},"end":{"line":99,"column":19}},"103":{"start":{"line":104,"column":0},"end":{"line":104,"column":35}},"105":{"start":{"line":106,"column":0},"end":{"line":106,"column":78}},"106":{"start":{"line":107,"column":0},"end":{"line":107,"column":47}},"107":{"start":{"line":108,"column":0},"end":{"line":108,"column":24}},"108":{"start":{"line":109,"column":0},"end":{"line":109,"column":70}},"109":{"start":{"line":110,"column":0},"end":{"line":110,"column":57}},"110":{"start":{"line":111,"column":0},"end":{"line":111,"column":7}},"111":{"start":{"line":112,"column":0},"end":{"line":112,"column":18}},"112":{"start":{"line":113,"column":0},"end":{"line":113,"column":6}},"113":{"start":{"line":114,"column":0},"end":{"line":114,"column":21}},"114":{"start":{"line":115,"column":0},"end":{"line":115,"column":58}},"116":{"start":{"line":117,"column":0},"end":{"line":117,"column":58}},"117":{"start":{"line":118,"column":0},"end":{"line":118,"column":63}},"118":{"start":{"line":119,"column":0},"end":{"line":119,"column":48}},"120":{"start":{"line":121,"column":0},"end":{"line":121,"column":23}},"121":{"start":{"line":122,"column":0},"end":{"line":122,"column":19}},"122":{"start":{"line":123,"column":0},"end":{"line":123,"column":16}},"123":{"start":{"line":124,"column":0},"end":{"line":124,"column":8}},"125":{"start":{"line":126,"column":0},"end":{"line":126,"column":64}},"126":{"start":{"line":127,"column":0},"end":{"line":127,"column":25}},"131":{"start":{"line":132,"column":0},"end":{"line":132,"column":8}},"132":{"start":{"line":133,"column":0},"end":{"line":133,"column":55}},"133":{"start":{"line":134,"column":0},"end":{"line":134,"column":13}},"134":{"start":{"line":135,"column":0},"end":{"line":135,"column":14}},"135":{"start":{"line":136,"column":0},"end":{"line":136,"column":22}},"136":{"start":{"line":137,"column":0},"end":{"line":137,"column":14}},"137":{"start":{"line":138,"column":0},"end":{"line":138,"column":11}},"138":{"start":{"line":139,"column":0},"end":{"line":139,"column":30}},"139":{"start":{"line":140,"column":0},"end":{"line":140,"column":46}},"140":{"start":{"line":141,"column":0},"end":{"line":141,"column":44}},"141":{"start":{"line":142,"column":0},"end":{"line":142,"column":6}},"142":{"start":{"line":143,"column":0},"end":{"line":143,"column":32}},"143":{"start":{"line":144,"column":0},"end":{"line":144,"column":19}},"159":{"start":{"line":160,"column":0},"end":{"line":160,"column":8}},"161":{"start":{"line":162,"column":0},"end":{"line":162,"column":22}},"162":{"start":{"line":163,"column":0},"end":{"line":163,"column":23}},"163":{"start":{"line":164,"column":0},"end":{"line":164,"column":25}},"164":{"start":{"line":165,"column":0},"end":{"line":165,"column":21}},"165":{"start":{"line":166,"column":0},"end":{"line":166,"column":34}},"166":{"start":{"line":167,"column":0},"end":{"line":167,"column":29}},"167":{"start":{"line":168,"column":0},"end":{"line":168,"column":27}},"168":{"start":{"line":169,"column":0},"end":{"line":169,"column":30}},"169":{"start":{"line":170,"column":0},"end":{"line":170,"column":25}},"170":{"start":{"line":171,"column":0},"end":{"line":171,"column":22}},"171":{"start":{"line":172,"column":0},"end":{"line":172,"column":30}},"172":{"start":{"line":173,"column":0},"end":{"line":173,"column":27}},"173":{"start":{"line":174,"column":0},"end":{"line":174,"column":8}},"175":{"start":{"line":176,"column":0},"end":{"line":176,"column":77}},"176":{"start":{"line":177,"column":0},"end":{"line":177,"column":60}},"177":{"start":{"line":178,"column":0},"end":{"line":178,"column":6}},"178":{"start":{"line":179,"column":0},"end":{"line":179,"column":60}},"179":{"start":{"line":180,"column":0},"end":{"line":180,"column":33}},"180":{"start":{"line":181,"column":0},"end":{"line":181,"column":56}},"181":{"start":{"line":182,"column":0},"end":{"line":182,"column":7}},"182":{"start":{"line":183,"column":0},"end":{"line":183,"column":71}},"184":{"start":{"line":185,"column":0},"end":{"line":185,"column":6}},"186":{"start":{"line":187,"column":0},"end":{"line":187,"column":49}},"187":{"start":{"line":188,"column":0},"end":{"line":188,"column":15}},"188":{"start":{"line":189,"column":0},"end":{"line":189,"column":16}},"189":{"start":{"line":190,"column":0},"end":{"line":190,"column":21}},"190":{"start":{"line":191,"column":0},"end":{"line":191,"column":30}},"191":{"start":{"line":192,"column":0},"end":{"line":192,"column":26}},"192":{"start":{"line":193,"column":0},"end":{"line":193,"column":70}},"193":{"start":{"line":194,"column":0},"end":{"line":194,"column":47}},"194":{"start":{"line":195,"column":0},"end":{"line":195,"column":6}},"196":{"start":{"line":197,"column":0},"end":{"line":197,"column":72}},"200":{"start":{"line":201,"column":0},"end":{"line":201,"column":39}},"201":{"start":{"line":202,"column":0},"end":{"line":202,"column":20}},"202":{"start":{"line":203,"column":0},"end":{"line":203,"column":7}},"203":{"start":{"line":204,"column":0},"end":{"line":204,"column":43}},"204":{"start":{"line":205,"column":0},"end":{"line":205,"column":56}},"205":{"start":{"line":206,"column":0},"end":{"line":206,"column":22}},"207":{"start":{"line":208,"column":0},"end":{"line":208,"column":52}},"209":{"start":{"line":210,"column":0},"end":{"line":210,"column":21}},"210":{"start":{"line":211,"column":0},"end":{"line":211,"column":20}},"211":{"start":{"line":212,"column":0},"end":{"line":212,"column":7}},"213":{"start":{"line":214,"column":0},"end":{"line":214,"column":80}},"214":{"start":{"line":215,"column":0},"end":{"line":215,"column":23}},"215":{"start":{"line":216,"column":0},"end":{"line":216,"column":9}},"216":{"start":{"line":217,"column":0},"end":{"line":217,"column":49}},"218":{"start":{"line":219,"column":0},"end":{"line":219,"column":21}},"219":{"start":{"line":220,"column":0},"end":{"line":220,"column":20}},"220":{"start":{"line":221,"column":0},"end":{"line":221,"column":7}},"221":{"start":{"line":222,"column":0},"end":{"line":222,"column":14}},"222":{"start":{"line":223,"column":0},"end":{"line":223,"column":25}},"223":{"start":{"line":224,"column":0},"end":{"line":224,"column":22}},"224":{"start":{"line":225,"column":0},"end":{"line":225,"column":8}},"225":{"start":{"line":226,"column":0},"end":{"line":226,"column":6}},"226":{"start":{"line":227,"column":0},"end":{"line":227,"column":24}},"227":{"start":{"line":228,"column":0},"end":{"line":228,"column":77}},"229":{"start":{"line":230,"column":0},"end":{"line":230,"column":39}},"230":{"start":{"line":231,"column":0},"end":{"line":231,"column":43}},"231":{"start":{"line":232,"column":0},"end":{"line":232,"column":56}},"232":{"start":{"line":233,"column":0},"end":{"line":233,"column":22}},"234":{"start":{"line":235,"column":0},"end":{"line":235,"column":60}},"236":{"start":{"line":237,"column":0},"end":{"line":237,"column":29}},"237":{"start":{"line":238,"column":0},"end":{"line":238,"column":20}},"238":{"start":{"line":239,"column":0},"end":{"line":239,"column":7}},"240":{"start":{"line":241,"column":0},"end":{"line":241,"column":42}},"241":{"start":{"line":242,"column":0},"end":{"line":242,"column":27}},"242":{"start":{"line":243,"column":0},"end":{"line":243,"column":19}},"243":{"start":{"line":244,"column":0},"end":{"line":244,"column":8}},"244":{"start":{"line":245,"column":0},"end":{"line":245,"column":19}},"248":{"start":{"line":249,"column":0},"end":{"line":249,"column":10}},"249":{"start":{"line":250,"column":0},"end":{"line":250,"column":49}},"250":{"start":{"line":251,"column":0},"end":{"line":251,"column":27}},"251":{"start":{"line":252,"column":0},"end":{"line":252,"column":32}},"252":{"start":{"line":253,"column":0},"end":{"line":253,"column":30}},"253":{"start":{"line":254,"column":0},"end":{"line":254,"column":53}},"254":{"start":{"line":255,"column":0},"end":{"line":255,"column":6}},"255":{"start":{"line":256,"column":0},"end":{"line":256,"column":39}},"256":{"start":{"line":257,"column":0},"end":{"line":257,"column":64}},"257":{"start":{"line":258,"column":0},"end":{"line":258,"column":46}},"258":{"start":{"line":259,"column":0},"end":{"line":259,"column":6}},"259":{"start":{"line":260,"column":0},"end":{"line":260,"column":41}},"260":{"start":{"line":261,"column":0},"end":{"line":261,"column":61}},"261":{"start":{"line":262,"column":0},"end":{"line":262,"column":86}},"262":{"start":{"line":263,"column":0},"end":{"line":263,"column":61}},"263":{"start":{"line":264,"column":0},"end":{"line":264,"column":6}},"264":{"start":{"line":265,"column":0},"end":{"line":265,"column":38}},"265":{"start":{"line":266,"column":0},"end":{"line":266,"column":69}},"266":{"start":{"line":267,"column":0},"end":{"line":267,"column":76}},"267":{"start":{"line":268,"column":0},"end":{"line":268,"column":76}},"268":{"start":{"line":269,"column":0},"end":{"line":269,"column":18}},"269":{"start":{"line":270,"column":0},"end":{"line":270,"column":6}},"270":{"start":{"line":271,"column":0},"end":{"line":271,"column":4}},"271":{"start":{"line":272,"column":0},"end":{"line":272,"column":2}},"272":{"start":{"line":273,"column":0},"end":{"line":273,"column":28}}},"s":{"7":1,"8":1,"9":4,"10":4,"11":4,"12":4,"13":4,"14":4,"16":1,"17":1,"18":1,"19":2,"21":2,"22":2,"25":2,"26":2,"27":2,"28":2,"29":1,"30":2,"31":2,"35":2,"36":2,"37":2,"38":2,"40":2,"42":2,"43":2,"44":2,"45":1,"46":1,"47":1,"48":1,"49":1,"50":1,"51":1,"52":1,"53":1,"54":2,"55":0,"56":0,"57":2,"59":1,"60":1,"61":1,"64":1,"65":1,"66":1,"67":1,"68":1,"69":1,"70":1,"71":1,"72":1,"73":1,"74":1,"75":1,"76":1,"77":1,"78":2,"79":2,"80":2,"81":2,"82":2,"83":2,"84":0,"85":0,"86":2,"87":1,"88":2,"89":2,"90":2,"92":2,"93":2,"94":1,"95":2,"96":2,"97":2,"98":2,"103":2,"105":2,"106":2,"107":2,"108":1,"109":1,"110":1,"111":1,"112":1,"113":1,"114":1,"116":1,"117":1,"118":1,"120":1,"121":1,"122":1,"123":1,"125":1,"126":1,"131":1,"132":1,"133":1,"134":1,"135":1,"136":1,"137":1,"138":1,"139":1,"140":0,"141":1,"142":1,"143":2,"159":2,"161":2,"162":2,"163":2,"164":2,"165":2,"166":2,"167":2,"168":2,"169":2,"170":2,"171":2,"172":2,"173":2,"175":2,"176":2,"177":2,"178":1,"179":2,"180":0,"181":0,"182":2,"184":2,"186":2,"187":2,"188":2,"189":2,"190":2,"191":2,"192":2,"193":0,"194":2,"196":1,"200":2,"201":0,"202":0,"203":2,"204":2,"205":2,"207":2,"209":2,"210":1,"211":1,"213":1,"214":1,"215":1,"216":1,"218":2,"219":0,"220":0,"221":1,"222":1,"223":1,"224":1,"225":1,"226":1,"227":1,"229":1,"230":1,"231":1,"232":1,"234":1,"236":1,"237":0,"238":0,"240":1,"241":1,"242":1,"243":1,"244":1,"248":1,"249":1,"250":1,"251":1,"252":1,"253":1,"254":1,"255":1,"256":1,"257":1,"258":1,"259":1,"260":1,"261":1,"262":1,"263":1,"264":1,"265":1,"266":1,"267":1,"268":1,"269":1,"270":1,"271":1,"272":1},"branchMap":{"0":{"type":"branch","line":9,"loc":{"start":{"line":9,"column":28},"end":{"line":15,"column":2}},"locations":[{"start":{"line":9,"column":28},"end":{"line":15,"column":2}}]},"1":{"type":"branch","line":17,"loc":{"start":{"line":17,"column":21},"end":{"line":272,"column":2}},"locations":[{"start":{"line":17,"column":21},"end":{"line":272,"column":2}}]},"2":{"type":"branch","line":19,"loc":{"start":{"line":19,"column":4},"end":{"line":29,"column":6}},"locations":[{"start":{"line":19,"column":4},"end":{"line":29,"column":6}}]},"3":{"type":"branch","line":30,"loc":{"start":{"line":30,"column":4},"end":{"line":58,"column":6}},"locations":[{"start":{"line":30,"column":4},"end":{"line":58,"column":6}}]},"4":{"type":"branch","line":45,"loc":{"start":{"line":45,"column":23},"end":{"line":55,"column":8}},"locations":[{"start":{"line":45,"column":23},"end":{"line":55,"column":8}}]},"5":{"type":"branch","line":55,"loc":{"start":{"line":55,"column":8},"end":{"line":57,"column":7}},"locations":[{"start":{"line":55,"column":8},"end":{"line":57,"column":7}}]},"6":{"type":"branch","line":60,"loc":{"start":{"line":60,"column":4},"end":{"line":77,"column":6}},"locations":[{"start":{"line":60,"column":4},"end":{"line":77,"column":6}}]},"7":{"type":"branch","line":78,"loc":{"start":{"line":78,"column":4},"end":{"line":87,"column":6}},"locations":[{"start":{"line":78,"column":4},"end":{"line":87,"column":6}}]},"8":{"type":"branch","line":83,"loc":{"start":{"line":83,"column":26},"end":{"line":83,"column":40}},"locations":[{"start":{"line":83,"column":26},"end":{"line":83,"column":40}}]},"9":{"type":"branch","line":83,"loc":{"start":{"line":83,"column":40},"end":{"line":83,"column":48}},"locations":[{"start":{"line":83,"column":40},"end":{"line":83,"column":48}}]},"10":{"type":"branch","line":84,"loc":{"start":{"line":84,"column":8},"end":{"line":86,"column":7}},"locations":[{"start":{"line":84,"column":8},"end":{"line":86,"column":7}}]},"11":{"type":"branch","line":88,"loc":{"start":{"line":88,"column":4},"end":{"line":94,"column":6}},"locations":[{"start":{"line":88,"column":4},"end":{"line":94,"column":6}}]},"12":{"type":"branch","line":93,"loc":{"start":{"line":93,"column":24},"end":{"line":93,"column":38}},"locations":[{"start":{"line":93,"column":24},"end":{"line":93,"column":38}}]},"13":{"type":"branch","line":93,"loc":{"start":{"line":93,"column":38},"end":{"line":93,"column":46}},"locations":[{"start":{"line":93,"column":38},"end":{"line":93,"column":46}}]},"14":{"type":"branch","line":95,"loc":{"start":{"line":95,"column":4},"end":{"line":113,"column":6}},"locations":[{"start":{"line":95,"column":4},"end":{"line":113,"column":6}}]},"15":{"type":"branch","line":108,"loc":{"start":{"line":108,"column":23},"end":{"line":113,"column":6}},"locations":[{"start":{"line":108,"column":23},"end":{"line":113,"column":6}}]},"16":{"type":"branch","line":114,"loc":{"start":{"line":114,"column":4},"end":{"line":142,"column":6}},"locations":[{"start":{"line":114,"column":4},"end":{"line":142,"column":6}}]},"17":{"type":"branch","line":140,"loc":{"start":{"line":140,"column":38},"end":{"line":141,"column":44}},"locations":[{"start":{"line":140,"column":38},"end":{"line":141,"column":44}}]},"18":{"type":"branch","line":143,"loc":{"start":{"line":143,"column":4},"end":{"line":178,"column":6}},"locations":[{"start":{"line":143,"column":4},"end":{"line":178,"column":6}}]},"19":{"type":"branch","line":177,"loc":{"start":{"line":177,"column":44},"end":{"line":177,"column":60}},"locations":[{"start":{"line":177,"column":44},"end":{"line":177,"column":60}}]},"20":{"type":"branch","line":179,"loc":{"start":{"line":179,"column":4},"end":{"line":195,"column":6}},"locations":[{"start":{"line":179,"column":4},"end":{"line":195,"column":6}}]},"21":{"type":"branch","line":180,"loc":{"start":{"line":180,"column":32},"end":{"line":182,"column":7}},"locations":[{"start":{"line":180,"column":32},"end":{"line":182,"column":7}}]},"22":{"type":"branch","line":193,"loc":{"start":{"line":193,"column":68},"end":{"line":194,"column":47}},"locations":[{"start":{"line":193,"column":68},"end":{"line":194,"column":47}}]},"23":{"type":"branch","line":197,"loc":{"start":{"line":197,"column":4},"end":{"line":226,"column":6}},"locations":[{"start":{"line":197,"column":4},"end":{"line":226,"column":6}}]},"24":{"type":"branch","line":201,"loc":{"start":{"line":201,"column":38},"end":{"line":203,"column":7}},"locations":[{"start":{"line":201,"column":38},"end":{"line":203,"column":7}}]},"25":{"type":"branch","line":210,"loc":{"start":{"line":210,"column":20},"end":{"line":219,"column":20}},"locations":[{"start":{"line":210,"column":20},"end":{"line":219,"column":20}}]},"26":{"type":"branch","line":219,"loc":{"start":{"line":219,"column":20},"end":{"line":221,"column":7}},"locations":[{"start":{"line":219,"column":20},"end":{"line":221,"column":7}}]},"27":{"type":"branch","line":221,"loc":{"start":{"line":221,"column":6},"end":{"line":226,"column":6}},"locations":[{"start":{"line":221,"column":6},"end":{"line":226,"column":6}}]},"28":{"type":"branch","line":227,"loc":{"start":{"line":227,"column":4},"end":{"line":255,"column":6}},"locations":[{"start":{"line":227,"column":4},"end":{"line":255,"column":6}}]},"29":{"type":"branch","line":237,"loc":{"start":{"line":237,"column":28},"end":{"line":239,"column":7}},"locations":[{"start":{"line":237,"column":28},"end":{"line":239,"column":7}}]},"30":{"type":"branch","line":254,"loc":{"start":{"line":254,"column":35},"end":{"line":254,"column":53}},"locations":[{"start":{"line":254,"column":35},"end":{"line":254,"column":53}}]},"31":{"type":"branch","line":256,"loc":{"start":{"line":256,"column":4},"end":{"line":259,"column":6}},"locations":[{"start":{"line":256,"column":4},"end":{"line":259,"column":6}}]},"32":{"type":"branch","line":260,"loc":{"start":{"line":260,"column":4},"end":{"line":264,"column":6}},"locations":[{"start":{"line":260,"column":4},"end":{"line":264,"column":6}}]},"33":{"type":"branch","line":265,"loc":{"start":{"line":265,"column":4},"end":{"line":270,"column":6}},"locations":[{"start":{"line":265,"column":4},"end":{"line":270,"column":6}}]}},"b":{"0":[4],"1":[1],"2":[2],"3":[2],"4":[1],"5":[0],"6":[1],"7":[2],"8":[1],"9":[1],"10":[0],"11":[2],"12":[1],"13":[1],"14":[2],"15":[1],"16":[1],"17":[0],"18":[2],"19":[0],"20":[2],"21":[0],"22":[0],"23":[2],"24":[0],"25":[1],"26":[0],"27":[1],"28":[1],"29":[0],"30":[0],"31":[1],"32":[1],"33":[1]},"fnMap":{"0":{"name":"mapExpiresAt","decl":{"start":{"line":9,"column":28},"end":{"line":15,"column":2}},"loc":{"start":{"line":9,"column":28},"end":{"line":15,"column":2}},"line":9},"1":{"name":"mysqlAdapter","decl":{"start":{"line":17,"column":21},"end":{"line":272,"column":2}},"loc":{"start":{"line":17,"column":21},"end":{"line":272,"column":2}},"line":17},"2":{"name":"createVerificationToken","decl":{"start":{"line":19,"column":4},"end":{"line":29,"column":6}},"loc":{"start":{"line":19,"column":4},"end":{"line":29,"column":6}},"line":19},"3":{"name":"useVerificationToken","decl":{"start":{"line":30,"column":4},"end":{"line":58,"column":6}},"loc":{"start":{"line":30,"column":4},"end":{"line":58,"column":6}},"line":30},"4":{"name":"createUser","decl":{"start":{"line":60,"column":4},"end":{"line":77,"column":6}},"loc":{"start":{"line":60,"column":4},"end":{"line":77,"column":6}},"line":60},"5":{"name":"getUser","decl":{"start":{"line":78,"column":4},"end":{"line":87,"column":6}},"loc":{"start":{"line":78,"column":4},"end":{"line":87,"column":6}},"line":78},"6":{"name":"getUserByEmail","decl":{"start":{"line":88,"column":4},"end":{"line":94,"column":6}},"loc":{"start":{"line":88,"column":4},"end":{"line":94,"column":6}},"line":88},"7":{"name":"getUserByAccount","decl":{"start":{"line":95,"column":4},"end":{"line":113,"column":6}},"loc":{"start":{"line":95,"column":4},"end":{"line":113,"column":6}},"line":95},"8":{"name":"updateUser","decl":{"start":{"line":114,"column":4},"end":{"line":142,"column":6}},"loc":{"start":{"line":114,"column":4},"end":{"line":142,"column":6}},"line":114},"9":{"name":"linkAccount","decl":{"start":{"line":143,"column":4},"end":{"line":178,"column":6}},"loc":{"start":{"line":143,"column":4},"end":{"line":178,"column":6}},"line":143},"10":{"name":"createSession","decl":{"start":{"line":179,"column":4},"end":{"line":195,"column":6}},"loc":{"start":{"line":179,"column":4},"end":{"line":195,"column":6}},"line":179},"11":{"name":"getSessionAndUser","decl":{"start":{"line":197,"column":4},"end":{"line":226,"column":6}},"loc":{"start":{"line":197,"column":4},"end":{"line":226,"column":6}},"line":197},"12":{"name":"updateSession","decl":{"start":{"line":227,"column":4},"end":{"line":255,"column":6}},"loc":{"start":{"line":227,"column":4},"end":{"line":255,"column":6}},"line":227},"13":{"name":"deleteSession","decl":{"start":{"line":256,"column":4},"end":{"line":259,"column":6}},"loc":{"start":{"line":256,"column":4},"end":{"line":259,"column":6}},"line":256},"14":{"name":"unlinkAccount","decl":{"start":{"line":260,"column":4},"end":{"line":264,"column":6}},"loc":{"start":{"line":260,"column":4},"end":{"line":264,"column":6}},"line":260},"15":{"name":"deleteUser","decl":{"start":{"line":265,"column":4},"end":{"line":270,"column":6}},"loc":{"start":{"line":265,"column":4},"end":{"line":270,"column":6}},"line":265}},"f":{"0":4,"1":1,"2":2,"3":2,"4":1,"5":2,"6":2,"7":2,"8":1,"9":2,"10":2,"11":2,"12":1,"13":1,"14":1,"15":1}}
}
